https://accelerate.uoregon.edu/
https://admissions.uoregon.edu
https://admissions.uoregon.edu/espanol
https://admissions.uoregon.edu/majors
https://admissions.uoregon.edu/open/resources
https://archenvironment.uoregon.edu/architecture
https://archenvironment.uoregon.edu/architecture/undergrad/barch
https://bssc.uoregon.edu/
https://calendar.uoregon.edu/
https://canvas.uoregon.edu
https://canvas.uoregon.edu/
https://classes.uoregon.edu/
https://connect.uoregon.edu/register/request-info
https://duckid.uoregon.edu/
https://duckweb.uoregon.edu/
https://education.uoregon.edu/
https://fcu.uoregon.edu/
https://financialaid.uoregon.edu
https://financialaid.uoregon.edu/cost_of_attendance
https://gcr.uoregon.edu/
https://geo.uoregon.edu/
https://giving.uoregon.edu/s/1540/development/start.aspx
https://gradschool.uoregon.edu/academics/programs
https://graduatestudies.uoregon.edu/admissions
https://hr.uoregon.edu/jobs/available-positions
https://inclusion.uoregon.edu/
https://investigations.uoregon.edu/nondiscrimination
https://isss.uoregon.edu
https://law.uoregon.edu/admissions
https://library.uoregon.edu/
https://naturalsciences.uoregon.edu/biology
https://naturalsciences.uoregon.edu/biology/undergraduate-programs
https://naturalsciences.uoregon.edu/physiology
https://news.uoregon.edu/
https://news.uoregon.edu/atop-oregon-cascades-uo-team-finds-huge-buried-aquifer
https://news.uoregon.edu/content/fungi-dwelling-human-skin-may-provide-new-antibiotics
https://news.uoregon.edu/content/university-oregon-led-team-named-nsf-regional-innovation-engines-semifinalist
https://news.uoregon.edu/curtain-rising-new-way-build-homes
https://news.uoregon.edu/expert/journalists
https://news.uoregon.edu/new-ai-cameras-are-watching-outdoors-spot-endangered-bees
https://news.uoregon.edu/news/academics-and-research
https://news.uoregon.edu/researchers-develop-better-way-measure-running-gait-outdoors
https://news.uoregon.edu/uo-designed-parenting-training-strengthens-families-mental-health
https://news.uoregon.edu/uo-school-law-research-and-writing-program-leads-nation
https://news.uoregon.edu/wildfires-and-smoke-pose-cascading-hazards-us-communities
https://onestop.uoregon.edu
https://president.uoregon.edu/content/leadership
https://registrar.uoregon.edu/calendars/academic
https://registrar.uoregon.edu/privacy
https://research.uoregon.edu/
https://studentlife.uoregon.edu/
https://studentlife.uoregon.edu/gettinginvolved
https://studentlife.uoregon.edu/leadership/careers
https://studentlife.uoregon.edu/support
https://trustees.uoregon.edu/
https://uomail.uoregon.edu
https://visit.uoregon.edu
https://visit.uoregon.edu/
https://webmail.uoregon.edu/
https://www.uoregon.edu
https://www.uoregon.edu/
https://www.uoregon.edu/about
https://www.uoregon.edu/academics
https://www.uoregon.edu/accessibility
https://www.uoregon.edu/accountability
https://www.uoregon.edu/accountability/transparency
https://www.uoregon.edu/accountability/transparency/faq
https://www.uoregon.edu/admissions-and-financial-aid
https://www.uoregon.edu/alumni
https://www.uoregon.edu/azindex
https://www.uoregon.edu/contact-us
https://www.uoregon.edu/directions
https://www.uoregon.edu/duck-life
https://www.uoregon.edu/faculty-and-staff-resources
https://www.uoregon.edu/findpeople
https://www.uoregon.edu/maps
https://www.uoregon.edu/parents
https://www.uoregon.edu/reportaconcern
https://www.uoregon.edu/request
https://www.uoregon.edu/research
https://www.uoregon.edu/search
